<?xml version="1.0" encoding="UTF-8"?>
<!-- Generated by org.testng.reporters.JUnitReportReporter -->
<testsuite skipped="0" hostname="DESKTOP-U7MG1A9" name="com.kesav.TestCases.MobileComputer" tests="3" failures="0" timestamp="25 Aug 2020 07:36:22 GMT" time="33.039" errors="0">
  <testcase name="LaunchHomePage" time="11.617" classname="com.kesav.TestCases.MobileComputer"/>
  <testcase name="AmazonFullStoreDir" time="20.573" classname="com.kesav.TestCases.MobileComputer"/>
  <testcase name="ScreenShot" time="0.849" classname="com.kesav.TestCases.MobileComputer"/>
</testsuite> <!-- com.kesav.TestCases.MobileComputer -->
