<?xml version="1.0" encoding="UTF-8"?>
<!-- Generated by org.testng.reporters.JUnitReportReporter -->
<testsuite skipped="0" hostname="DESKTOP-U7MG1A9" name="com.kesav.TestCases.ProductOrder" tests="4" failures="0" timestamp="13 Aug 2020 05:27:12 GMT" time="44.542" errors="0">
  <testcase name="addToCart" time="4.420" classname="com.kesav.TestCases.ProductOrder"/>
  <testcase name="LaunchLogin" time="16.659" classname="com.kesav.TestCases.ProductOrder"/>
  <testcase name="ProductOrder" time="16.451" classname="com.kesav.TestCases.ProductOrder"/>
  <testcase name="ChildWindow" time="7.012" classname="com.kesav.TestCases.ProductOrder"/>
</testsuite> <!-- com.kesav.TestCases.ProductOrder -->
