<?xml version="1.0" encoding="UTF-8"?>
<!-- Generated by org.testng.reporters.JUnitReportReporter -->
<testsuite skipped="0" hostname="DESKTOP-U7MG1A9" name="com.kesav.TestCases.SigninPage" tests="4" failures="0" timestamp="10 Aug 2020 07:56:44 GMT" time="50.267" errors="0">
  <testcase name="LaunchLogin" time="29.105" classname="com.kesav.TestCases.SigninPage"/>
  <testcase name="ConditionPage" time="6.601" classname="com.kesav.TestCases.SigninPage"/>
  <testcase name="NoticePage" time="3.428" classname="com.kesav.TestCases.SigninPage"/>
  <testcase name="LoginPage" time="11.133" classname="com.kesav.TestCases.SigninPage"/>
</testsuite> <!-- com.kesav.TestCases.SigninPage -->
