<?xml version="1.0" encoding="UTF-8"?>
<!-- Generated by org.testng.reporters.JUnitReportReporter -->
<testsuite skipped="0" hostname="DESKTOP-U7MG1A9" name="com.kesav.TestCases.AudibleAudioBook" tests="2" failures="0" timestamp="19 Aug 2020 06:08:14 GMT" time="26.133" errors="0">
  <testcase name="AudibleAudioBook" time="12.647" classname="com.kesav.TestCases.AudibleAudioBook"/>
  <testcase name="LaunchHomePage" time="13.486" classname="com.kesav.TestCases.AudibleAudioBook"/>
</testsuite> <!-- com.kesav.TestCases.AudibleAudioBook -->
