<?xml version="1.0" encoding="UTF-8"?>
<!-- Generated by org.testng.reporters.JUnitReportReporter -->
<testsuite skipped="0" hostname="DESKTOP-U7MG1A9" name="com.kesav.TestCases.CreateAccountPageDataProviderExcel" tests="2" failures="0" timestamp="04 Sep 2020 13:06:52 GMT" time="32.741" errors="0">
  <testcase name="Credentials" time="1.658" classname="com.kesav.TestCases.CreateAccountPageDataProviderExcel"/>
  <testcase name="LaunchCreateAccountPage" time="31.083" classname="com.kesav.TestCases.CreateAccountPageDataProviderExcel"/>
</testsuite> <!-- com.kesav.TestCases.CreateAccountPageDataProviderExcel -->
