<?xml version="1.0" encoding="UTF-8"?>
<!-- Generated by org.testng.reporters.JUnitReportReporter -->
<testsuite skipped="0" hostname="DESKTOP-U7MG1A9" name="com.kesav.TestCases.CreateAccountPage" tests="2" failures="0" timestamp="10 Aug 2020 07:56:44 GMT" time="44.052" errors="0">
  <testcase name="LaunchCreateAccountPage" time="38.127" classname="com.kesav.TestCases.CreateAccountPage"/>
  <testcase name="CreateAccount" time="5.925" classname="com.kesav.TestCases.CreateAccountPage"/>
</testsuite> <!-- com.kesav.TestCases.CreateAccountPage -->
