<?xml version="1.0" encoding="UTF-8"?>
<!-- Generated by org.testng.reporters.JUnitReportReporter -->
<testsuite skipped="0" hostname="DESKTOP-U7MG1A9" name="com.kesav.TestCases.HomePageSelectAddress" tests="3" failures="0" timestamp="14 Aug 2020 06:04:57 GMT" time="22.809" errors="0">
  <testcase name="ShoppingDay" time="2.434" classname="com.kesav.TestCases.HomePageSelectAddress"/>
  <testcase name="Close" time="4.329" classname="com.kesav.TestCases.HomePageSelectAddress"/>
  <testcase name="LaunchHomePage" time="16.046" classname="com.kesav.TestCases.HomePageSelectAddress"/>
</testsuite> <!-- com.kesav.TestCases.HomePageSelectAddress -->
