<?xml version="1.0" encoding="UTF-8"?>
<!-- Generated by org.testng.reporters.JUnitReportReporter -->
<testsuite skipped="0" hostname="DESKTOP-U7MG1A9" name="com.kesav.TestCases.HomePageTodayDeal" tests="2" failures="0" timestamp="13 Aug 2020 10:03:19 GMT" time="22.558" errors="0">
  <testcase name="HomePageComputerNext" time="10.185" classname="com.kesav.TestCases.HomePageTodayDeal"/>
  <testcase name="LaunchHomePage" time="12.373" classname="com.kesav.TestCases.HomePageTodayDeal"/>
</testsuite> <!-- com.kesav.TestCases.HomePageTodayDeal -->
