<?xml version="1.0" encoding="UTF-8"?>
<!-- Generated by org.testng.reporters.JUnitReportReporter -->
<testsuite skipped="0" hostname="DESKTOP-U7MG1A9" name="com.kesav.TestCases.CreateAccountPageExcel" tests="2" failures="0" timestamp="18 Aug 2020 09:14:47 GMT" time="18.046" errors="0">
  <testcase name="LaunchCreateAccountPage" time="15.124" classname="com.kesav.TestCases.CreateAccountPageExcel"/>
  <testcase name="Credentials" time="2.922" classname="com.kesav.TestCases.CreateAccountPageExcel"/>
</testsuite> <!-- com.kesav.TestCases.CreateAccountPageExcel -->
