<?xml version="1.0" encoding="UTF-8"?>
<!-- Generated by org.testng.reporters.JUnitReportReporter -->
<testsuite skipped="0" hostname="DESKTOP-U7MG1A9" name="com.kesav.TestCases.HomePagePantry" tests="3" failures="0" timestamp="13 Aug 2020 10:25:59 GMT" time="30.439" errors="0">
  <testcase name="HomePagePantryNext" time="11.808" classname="com.kesav.TestCases.HomePagePantry"/>
  <testcase name="LaunchHomePage" time="14.502" classname="com.kesav.TestCases.HomePagePantry"/>
  <testcase name="Close" time="4.129" classname="com.kesav.TestCases.HomePagePantry"/>
</testsuite> <!-- com.kesav.TestCases.HomePagePantry -->
