<?xml version="1.0" encoding="UTF-8"?>
<!-- Generated by org.testng.reporters.JUnitReportReporter -->
<testsuite skipped="0" hostname="DESKTOP-U7MG1A9" name="com.kesav.TestCases.HomePage" tests="3" failures="0" timestamp="10 Aug 2020 07:56:44 GMT" time="37.436" errors="0">
  <testcase name="SignInDropDown" time="2.431" classname="com.kesav.TestCases.HomePage"/>
  <testcase name="LaunchHomePage" time="17.033" classname="com.kesav.TestCases.HomePage"/>
  <testcase name="LanguageDropDown" time="17.972" classname="com.kesav.TestCases.HomePage"/>
</testsuite> <!-- com.kesav.TestCases.HomePage -->
