<?xml version="1.0" encoding="UTF-8"?>
<!-- Generated by org.testng.reporters.JUnitReportReporter -->
<testsuite skipped="0" hostname="DESKTOP-U7MG1A9" name="com.kesav.TestCases.GiftCards" tests="4" failures="0" timestamp="17 Aug 2020 06:52:42 GMT" time="35.326" errors="0">
  <testcase name="GiftCards" time="13.332" classname="com.kesav.TestCases.GiftCards"/>
  <testcase name="LevisCard" time="6.310" classname="com.kesav.TestCases.GiftCards"/>
  <testcase name="LaunchLogin" time="15.572" classname="com.kesav.TestCases.GiftCards"/>
  <testcase name="NewTab" time="0.112" classname="com.kesav.TestCases.GiftCards"/>
</testsuite> <!-- com.kesav.TestCases.GiftCards -->
