<?xml version="1.0" encoding="UTF-8"?>
<!-- Generated by org.testng.reporters.JUnitReportReporter -->
<testsuite skipped="0" hostname="DESKTOP-U7MG1A9" name="com.kesav.TestCases.FullStoreDirNoOFLinks" tests="5" failures="0" timestamp="18 Aug 2020 06:16:28 GMT" time="29.705" errors="0">
  <testcase name="EchoAlexaNoOfLinks" time="5.824" classname="com.kesav.TestCases.FullStoreDirNoOFLinks"/>
  <testcase name="LaunchHomePage" time="12.085" classname="com.kesav.TestCases.FullStoreDirNoOFLinks"/>
  <testcase name="SportFitness" time="3.174" classname="com.kesav.TestCases.FullStoreDirNoOFLinks"/>
  <testcase name="TvAppElecNoOfLinks" time="5.677" classname="com.kesav.TestCases.FullStoreDirNoOFLinks"/>
  <testcase name="KindleEBook" time="2.945" classname="com.kesav.TestCases.FullStoreDirNoOFLinks"/>
</testsuite> <!-- com.kesav.TestCases.FullStoreDirNoOFLinks -->
