<?xml version="1.0" encoding="UTF-8"?>
<!-- Generated by org.testng.reporters.JUnitReportReporter -->
<testsuite skipped="0" hostname="DESKTOP-U7MG1A9" name="com.kesav.TestCases.HomePageMenu" tests="8" failures="0" timestamp="10 Aug 2020 12:56:30 GMT" time="154.161" errors="0">
  <testcase name="AlexaSmartHome" time="15.637" classname="com.kesav.TestCases.HomePageMenu"/>
  <testcase name="EchoDot" time="20.548" classname="com.kesav.TestCases.HomePageMenu"/>
  <testcase name="echoShow5" time="18.182" classname="com.kesav.TestCases.HomePageMenu"/>
  <testcase name="MeetAlexa" time="13.732" classname="com.kesav.TestCases.HomePageMenu"/>
  <testcase name="Menu" time="6.191" classname="com.kesav.TestCases.HomePageMenu"/>
  <testcase name="AllNewAmzEcho" time="25.703" classname="com.kesav.TestCases.HomePageMenu"/>
  <testcase name="LaunchHomePage" time="38.799" classname="com.kesav.TestCases.HomePageMenu"/>
  <testcase name="AlexaPrimeMusic" time="15.369" classname="com.kesav.TestCases.HomePageMenu"/>
</testsuite> <!-- com.kesav.TestCases.HomePageMenu -->
