<?xml version="1.0" encoding="UTF-8"?>
<!-- Generated by org.testng.reporters.JUnitReportReporter -->
<testsuite skipped="0" hostname="DESKTOP-U7MG1A9" name="com.kesav.TestCases.HomePageNoOFLinks" tests="2" failures="0" timestamp="18 Aug 2020 06:00:22 GMT" time="37.486" errors="0">
  <testcase name="NoOfLinks" time="25.908" classname="com.kesav.TestCases.HomePageNoOFLinks"/>
  <testcase name="LaunchHomePage" time="11.578" classname="com.kesav.TestCases.HomePageNoOFLinks"/>
</testsuite> <!-- com.kesav.TestCases.HomePageNoOFLinks -->
