<?xml version="1.0" encoding="UTF-8"?>
<!-- Generated by org.testng.reporters.JUnitReportReporter -->
<testsuite skipped="0" hostname="DESKTOP-U7MG1A9" name="com.kesav.TestCases.BeautyHealthGrocery" tests="2" failures="0" timestamp="19 Aug 2020 07:25:08 GMT" time="43.132" errors="0">
  <testcase name="LaunchHomePage" time="13.940" classname="com.kesav.TestCases.BeautyHealthGrocery"/>
  <testcase name="BeautyHealthGrocery" time="29.192" classname="com.kesav.TestCases.BeautyHealthGrocery"/>
</testsuite> <!-- com.kesav.TestCases.BeautyHealthGrocery -->
