<?xml version="1.0" encoding="UTF-8"?>
<!-- Generated by org.testng.reporters.JUnitReportReporter -->
<testsuite skipped="0" hostname="DESKTOP-U7MG1A9" name="com.kesav.TestCases.HomePageShoppingDay" tests="3" failures="0" timestamp="14 Aug 2020 05:55:15 GMT" time="19.330" errors="0">
  <testcase name="LaunchHomePage" time="11.945" classname="com.kesav.TestCases.HomePageShoppingDay"/>
  <testcase name="ShoppingDay" time="3.231" classname="com.kesav.TestCases.HomePageShoppingDay"/>
  <testcase name="Close" time="4.154" classname="com.kesav.TestCases.HomePageShoppingDay"/>
</testsuite> <!-- com.kesav.TestCases.HomePageShoppingDay -->
