<?xml version="1.0" encoding="UTF-8"?>
<!-- Generated by org.testng.reporters.JUnitReportReporter -->
<testsuite skipped="0" hostname="DESKTOP-U7MG1A9" name="com.kesav.TestCases.PrimeMusic" tests="2" failures="0" timestamp="19 Aug 2020 08:19:12 GMT" time="30.438" errors="0">
  <testcase name="PrimeMusic" time="18.440" classname="com.kesav.TestCases.PrimeMusic"/>
  <testcase name="LaunchLogin" time="11.998" classname="com.kesav.TestCases.PrimeMusic"/>
</testsuite> <!-- com.kesav.TestCases.PrimeMusic -->
