<?xml version="1.0" encoding="UTF-8"?>
<!-- Generated by org.testng.reporters.JUnitReportReporter -->
<testsuite skipped="0" hostname="DESKTOP-U7MG1A9" name="com.kesav.TestCases.HomePageComputer" tests="3" failures="0" timestamp="13 Aug 2020 09:49:17 GMT" time="31.846" errors="0">
  <testcase name="Close" time="4.289" classname="com.kesav.TestCases.HomePageComputer"/>
  <testcase name="HomePageComputerNext" time="15.807" classname="com.kesav.TestCases.HomePageComputer"/>
  <testcase name="LaunchHomePage" time="11.750" classname="com.kesav.TestCases.HomePageComputer"/>
</testsuite> <!-- com.kesav.TestCases.HomePageComputer -->
