<?xml version="1.0" encoding="UTF-8"?>
<!-- Generated by org.testng.reporters.JUnitReportReporter -->
<testsuite name="com.kesav.TestCases.AllNewKindleOrder" tests="1" time="41.938" ignored="0" failures="0" timestamp="26 Aug 2020 08:51:43 GMT" skipped="0" hostname="LTCH-LR0D46ZY" errors="0">
  <testcase name="NewKindleOrder" time="41.938" classname="com.kesav.TestCases.AllNewKindleOrder"/>
</testsuite> <!-- com.kesav.TestCases.AllNewKindleOrder -->
