<?xml version="1.0" encoding="UTF-8"?>
<!-- Generated by org.testng.reporters.JUnitReportReporter -->
<testsuite name="com.kesav.TestCases.CheckUp" tests="1" time="33.001" ignored="0" failures="0" timestamp="28 Aug 2020 11:45:53 GMT" skipped="0" hostname="LTCH-LR0D46ZY" errors="0">
  <testcase name="check" time="33.001" classname="com.kesav.TestCases.CheckUp"/>
</testsuite> <!-- com.kesav.TestCases.CheckUp -->
