<?xml version="1.0" encoding="UTF-8"?>
<!-- Generated by org.testng.reporters.JUnitReportReporter -->
<testsuite name="com.kesav.TestCases.PrestigeOrder" tests="1" time="35.713" ignored="0" failures="0" timestamp="28 Aug 2020 11:42:43 GMT" skipped="0" hostname="LTCH-LR0D46ZY" errors="0">
  <testcase name="prestigeProductOrder" time="35.713" classname="com.kesav.TestCases.PrestigeOrder"/>
</testsuite> <!-- com.kesav.TestCases.PrestigeOrder -->
