<?xml version="1.0" encoding="UTF-8"?>
<!-- Generated by org.testng.reporters.JUnitReportReporter -->
<testsuite name="com.kesav.TestCases.TamilOrder" tests="1" time="32.919" ignored="0" failures="0" timestamp="26 Aug 2020 09:17:06 GMT" skipped="0" hostname="LTCH-LR0D46ZY" errors="0">
  <testcase name="NewKindleOrder" time="32.919" classname="com.kesav.TestCases.TamilOrder"/>
</testsuite> <!-- com.kesav.TestCases.TamilOrder -->
