<?xml version="1.0" encoding="UTF-8"?>
<!-- Generated by org.testng.reporters.JUnitReportReporter -->
<testsuite name="com.kesav.TestCases.KindleOasisOrder" tests="1" time="59.827" ignored="0" failures="0" timestamp="26 Aug 2020 07:11:08 GMT" skipped="0" hostname="LTCH-LR0D46ZY" errors="0">
  <testcase name="NewKindleOrder" time="59.827" classname="com.kesav.TestCases.KindleOasisOrder"/>
</testsuite> <!-- com.kesav.TestCases.KindleOasisOrder -->
