<?xml version="1.0" encoding="UTF-8"?>
<!-- Generated by org.testng.reporters.JUnitReportReporter -->
<testsuite name="com.kesav.TestCases.AmazonEchoOrder" tests="1" time="26.776" ignored="0" failures="0" timestamp="25 Aug 2020 13:30:22 GMT" skipped="0" hostname="LTCH-LR0D46ZY" errors="0">
  <testcase name="Homemenu" time="26.776" classname="com.kesav.TestCases.AmazonEchoOrder"/>
</testsuite> <!-- com.kesav.TestCases.AmazonEchoOrder -->
