<?xml version="1.0" encoding="UTF-8"?>
<!-- Generated by org.testng.reporters.JUnitReportReporter -->
<testsuite name="com.kesav.TestCases.AllKindleEBooksOrder" tests="1" time="60.247" ignored="0" failures="0" timestamp="26 Aug 2020 09:23:37 GMT" skipped="0" hostname="LTCH-LR0D46ZY" errors="0">
  <testcase name="NewKindleBooKsOrder" time="60.247" classname="com.kesav.TestCases.AllKindleEBooksOrder"/>
</testsuite> <!-- com.kesav.TestCases.AllKindleEBooksOrder -->
