<?xml version="1.0" encoding="UTF-8"?>
<!-- Generated by org.testng.reporters.JUnitReportReporter -->
<testsuite name="com.kesav.TestCases.AllNewKindlePaperWhiteOrder" tests="1" time="51.883" ignored="0" failures="0" timestamp="26 Aug 2020 06:53:54 GMT" skipped="0" hostname="LTCH-LR0D46ZY" errors="0">
  <testcase name="NewKindleOrder" time="51.883" classname="com.kesav.TestCases.AllNewKindlePaperWhiteOrder"/>
</testsuite> <!-- com.kesav.TestCases.AllNewKindlePaperWhiteOrder -->
