<?xml version="1.0" encoding="UTF-8"?>
<!-- Generated by org.testng.reporters.JUnitReportReporter -->
<testsuite skipped="0" hostname="DESKTOP-U7MG1A9" name="com.kesav.TestCases.TvOrder" tests="1" failures="0" timestamp="03 Sep 2020 06:37:24 GMT" time="39.753" errors="0">
  <testcase name="sonyTvOrder" time="39.753" classname="com.kesav.TestCases.TvOrder"/>
</testsuite> <!-- com.kesav.TestCases.TvOrder -->
