<?xml version="1.0" encoding="UTF-8"?>
<!-- Generated by org.testng.reporters.JUnitReportReporter -->
<testsuite skipped="0" hostname="DESKTOP-U7MG1A9" name="com.kesav.TestNg.Demo1" tests="2" failures="0" timestamp="06 Aug 2020 05:29:49 GMT" time="0.046" errors="0">
  <testcase name="Demo" time="0.038" classname="com.kesav.TestNg.Demo1"/>
  <testcase name="SecondTest" time="0.008" classname="com.kesav.TestNg.Demo1"/>
</testsuite> <!-- com.kesav.TestNg.Demo1 -->
