<?xml version="1.0" encoding="UTF-8"?>
<!-- Generated by org.testng.reporters.JUnitReportReporter -->
<testsuite skipped="0" hostname="DESKTOP-U7MG1A9" name="com.kesav.TestCases.GetToKnowRunner" tests="1" failures="0" timestamp="25 Aug 2020 10:22:41 GMT" time="132.292" errors="0">
  <testcase name="GetToKnowMethod" time="132.292" classname="com.kesav.TestCases.GetToKnowRunner"/>
</testsuite> <!-- com.kesav.TestCases.GetToKnowRunner -->
