<?xml version="1.0" encoding="UTF-8"?>
<!-- Generated by org.testng.reporters.JUnitReportReporter -->
<testsuite skipped="0" hostname="DESKTOP-U7MG1A9" name="com.kesav.TestCases.EchoShow8Order" tests="1" failures="0" timestamp="24 Aug 2020 10:55:40 GMT" time="23.857" errors="0">
  <testcase name="Homemenu" time="23.857" classname="com.kesav.TestCases.EchoShow8Order"/>
</testsuite> <!-- com.kesav.TestCases.EchoShow8Order -->
