<?xml version="1.0" encoding="UTF-8"?>
<!-- Generated by org.testng.reporters.JUnitReportReporter -->
<testsuite skipped="0" hostname="DESKTOP-U7MG1A9" name="com.kesav.TestCases.FireTvVoiceRemote" tests="1" failures="0" timestamp="25 Aug 2020 10:37:49 GMT" time="23.355" errors="0">
  <testcase name="Homemenu" time="23.355" classname="com.kesav.TestCases.FireTvVoiceRemote"/>
</testsuite> <!-- com.kesav.TestCases.FireTvVoiceRemote -->
