<?xml version="1.0" encoding="UTF-8"?>
<!-- Generated by org.testng.reporters.JUnitReportReporter -->
<testsuite skipped="0" hostname="DESKTOP-U7MG1A9" name="com.kesav.TestCases.CreateAccountPage" tests="1" failures="0" timestamp="25 Aug 2020 09:54:20 GMT" time="21.648" errors="0">
  <testcase name="Homemenu" time="21.648" classname="com.kesav.TestCases.CreateAccountPage"/>
</testsuite> <!-- com.kesav.TestCases.CreateAccountPage -->
