<?xml version="1.0" encoding="UTF-8"?>
<!-- Generated by org.testng.reporters.JUnitReportReporter -->
<testsuite skipped="0" hostname="DESKTOP-U7MG1A9" name="com.kesav.TestCases.FireTvDevicesRunner" tests="1" failures="0" timestamp="25 Aug 2020 11:08:35 GMT" time="35.976" errors="0">
  <testcase name="Homemenu" time="35.976" classname="com.kesav.TestCases.FireTvDevicesRunner"/>
</testsuite> <!-- com.kesav.TestCases.FireTvDevicesRunner -->
