<?xml version="1.0" encoding="UTF-8"?>
<!-- Generated by org.testng.reporters.JUnitReportReporter -->
<testsuite skipped="0" hostname="DESKTOP-U7MG1A9" name="com.kesav.TestCases.EchoStudioOrder" tests="1" failures="0" timestamp="24 Aug 2020 11:03:59 GMT" time="19.624" errors="0">
  <testcase name="Homemenu" time="19.624" classname="com.kesav.TestCases.EchoStudioOrder"/>
</testsuite> <!-- com.kesav.TestCases.EchoStudioOrder -->
