<?xml version="1.0" encoding="UTF-8"?>
<!-- Generated by org.testng.reporters.JUnitReportReporter -->
<testsuite skipped="0" hostname="DESKTOP-U7MG1A9" name="TestCases.LoginApplication" tests="3" failures="0" timestamp="08 Aug 2020 09:16:56 GMT" time="81.327" errors="0">
  <testcase name="Login" time="41.131" classname="TestCases.LoginApplication"/>
  <testcase name="Browser" time="18.686" classname="TestCases.LoginApplication"/>
  <testcase name="Home" time="21.510" classname="TestCases.LoginApplication"/>
</testsuite> <!-- TestCases.LoginApplication -->
