<?xml version="1.0" encoding="UTF-8"?>
<!-- Generated by org.testng.reporters.JUnitReportReporter -->
<testsuite skipped="0" hostname="DESKTOP-U7MG1A9" name="com.kesav.TestCases.CreateAccountPageDataProviderExcel" tests="2" failures="0" timestamp="21 Aug 2020 06:37:55 GMT" time="23.386" errors="0">
  <testcase name="Credentials" time="0.935" classname="com.kesav.TestCases.CreateAccountPageDataProviderExcel"/>
  <testcase name="LaunchCreateAccountPage" time="22.451" classname="com.kesav.TestCases.CreateAccountPageDataProviderExcel"/>
</testsuite> <!-- com.kesav.TestCases.CreateAccountPageDataProviderExcel -->
