<?xml version="1.0" encoding="UTF-8"?>
<!-- Generated by org.testng.reporters.JUnitReportReporter -->
<testsuite skipped="0" hostname="DESKTOP-U7MG1A9" name="com.kesav.TestCases.CreateAccountPageExcel" tests="2" failures="0" timestamp="21 Aug 2020 05:47:08 GMT" time="27.500" errors="0">
  <testcase name="Credentials" time="2.486" classname="com.kesav.TestCases.CreateAccountPageExcel"/>
  <testcase name="LaunchCreateAccountPage" time="25.014" classname="com.kesav.TestCases.CreateAccountPageExcel"/>
</testsuite> <!-- com.kesav.TestCases.CreateAccountPageExcel -->
