<?xml version="1.0" encoding="UTF-8"?>
<!-- Generated by org.testng.reporters.JUnitReportReporter -->
<testsuite skipped="0" hostname="DESKTOP-U7MG1A9" name="Cucumber.Automation.AppTest" tests="1" failures="0" timestamp="2020-09-23T16:23:43 IST" time="0.085" errors="0">
  <testcase name="testApp" time="0.085" classname="Cucumber.Automation.AppTest"/>
  <system-out/>
</testsuite> <!-- Cucumber.Automation.AppTest -->
