<?xml version="1.0" encoding="UTF-8"?>
<!-- Generated by org.testng.reporters.JUnitReportReporter -->
<testsuite skipped="0" hostname="DESKTOP-U7MG1A9" name="com.kesav.TestCases.LaunchCloserRunner" tests="2" failures="0" timestamp="24 Aug 2020 06:02:54 GMT" time="12.699" errors="0">
  <testcase name="LaunchCreateAccountPage" time="12.673" classname="com.kesav.TestCases.LaunchCloserRunner"/>
  <testcase name="HomeMenu" time="0.026" classname="com.kesav.TestCases.LaunchCloserRunner"/>
</testsuite> <!-- com.kesav.TestCases.LaunchCloserRunner -->
