<?xml version="1.0" encoding="UTF-8"?>
<!-- Generated by org.testng.reporters.JUnitReportReporter -->
<testsuite skipped="0" hostname="DESKTOP-U7MG1A9" name="com.kesav.TestCases.EchoDotOrder" tests="1" failures="0" timestamp="24 Aug 2020 10:44:28 GMT" time="28.213" errors="0">
  <testcase name="Homemenu" time="28.213" classname="com.kesav.TestCases.EchoDotOrder"/>
</testsuite> <!-- com.kesav.TestCases.EchoDotOrder -->
