<?xml version="1.0" encoding="UTF-8"?>
<!-- Generated by org.testng.reporters.JUnitReportReporter -->
<testsuite skipped="0" hostname="DESKTOP-U7MG1A9" name="com.kesav.TestCases.AmazonEchoOrder" tests="1" failures="0" timestamp="24 Aug 2020 10:45:58 GMT" time="29.845" errors="0">
  <testcase name="Homemenu" time="29.845" classname="com.kesav.TestCases.AmazonEchoOrder"/>
</testsuite> <!-- com.kesav.TestCases.AmazonEchoOrder -->
