<?xml version="1.0" encoding="UTF-8"?>
<!-- Generated by org.testng.reporters.JUnitReportReporter -->
<testsuite skipped="0" hostname="DESKTOP-U7MG1A9" name="com.kesav.TestCases.HomePageHomeGetToKnow" tests="22" failures="0" timestamp="2020-08-21T12:37:22 IST" time="250.459" errors="0">
  <testcase name="Twitter" time="22.018" classname="com.kesav.TestCases.HomePageHomeGetToKnow"/>
  <system-out/>
  <testcase name="AdvertiseYourPrduct" time="11.564" classname="com.kesav.TestCases.HomePageHomeGetToKnow"/>
  <system-out/>
  <testcase name="LaunchHomePage" time="20.779" classname="com.kesav.TestCases.HomePageHomeGetToKnow"/>
  <system-out/>
  <testcase name="AmazonCares" time="12.290" classname="com.kesav.TestCases.HomePageHomeGetToKnow"/>
  <system-out/>
  <testcase name="AboutUs" time="20.108" classname="com.kesav.TestCases.HomePageHomeGetToKnow"/>
  <system-out/>
  <testcase name="FulfilmentByAmazon" time="7.116" classname="com.kesav.TestCases.HomePageHomeGetToKnow"/>
  <system-out/>
  <testcase name="yourAcc" time="9.027" classname="com.kesav.TestCases.HomePageHomeGetToKnow"/>
  <system-out/>
  <testcase name="returnsCentre" time="13.699" classname="com.kesav.TestCases.HomePageHomeGetToKnow"/>
  <system-out/>
  <testcase name="Help" time="8.254" classname="com.kesav.TestCases.HomePageHomeGetToKnow"/>
  <system-out/>
  <testcase name="SellOnAmzon" time="9.735" classname="com.kesav.TestCases.HomePageHomeGetToKnow"/>
  <system-out/>
  <testcase name="PressRelease" time="7.795" classname="com.kesav.TestCases.HomePageHomeGetToKnow"/>
  <system-out/>
  <testcase name="covidAmzon" time="7.350" classname="com.kesav.TestCases.HomePageHomeGetToKnow"/>
  <system-out/>
  <testcase name="AmzPayOn" time="5.266" classname="com.kesav.TestCases.HomePageHomeGetToKnow"/>
  <system-out/>
  <testcase name="Facebook" time="14.119" classname="com.kesav.TestCases.HomePageHomeGetToKnow"/>
  <system-out/>
  <testcase name="amzAppDownload" time="5.954" classname="com.kesav.TestCases.HomePageHomeGetToKnow"/>
  <system-out/>
  <testcase name="Career" time="11.963" classname="com.kesav.TestCases.HomePageHomeGetToKnow"/>
  <system-out/>
  <testcase name="amzAssDownload" time="6.538" classname="com.kesav.TestCases.HomePageHomeGetToKnow"/>
  <system-out/>
  <testcase name="GiftASmile" time="13.960" classname="com.kesav.TestCases.HomePageHomeGetToKnow"/>
  <system-out/>
  <testcase name="purchaseProtection" time="7.460" classname="com.kesav.TestCases.HomePageHomeGetToKnow"/>
  <system-out/>
  <testcase name="SellunderAmazon" time="8.269" classname="com.kesav.TestCases.HomePageHomeGetToKnow"/>
  <system-out/>
  <testcase name="Instagram" time="13.164" classname="com.kesav.TestCases.HomePageHomeGetToKnow"/>
  <system-out/>
  <testcase name="BecomeAnAffi" time="14.031" classname="com.kesav.TestCases.HomePageHomeGetToKnow"/>
  <system-out/>
</testsuite> <!-- com.kesav.TestCases.HomePageHomeGetToKnow -->
