<?xml version="1.0" encoding="UTF-8"?>
<!-- Generated by org.testng.reporters.JUnitReportReporter -->
<testsuite skipped="0" hostname="DESKTOP-U7MG1A9" name="com.kesav.TestCases.HomePageComputer" tests="3" failures="0" timestamp="2020-08-21T12:37:21 IST" time="65.706" errors="0">
  <testcase name="LaunchHomePage" time="17.354" classname="com.kesav.TestCases.HomePageComputer"/>
  <system-out/>
  <testcase name="HomePageComputerNext" time="42.313" classname="com.kesav.TestCases.HomePageComputer"/>
  <system-out/>
  <testcase name="Close" time="6.039" classname="com.kesav.TestCases.HomePageComputer"/>
  <system-out/>
</testsuite> <!-- com.kesav.TestCases.HomePageComputer -->
