<?xml version="1.0" encoding="UTF-8"?>
<!-- Generated by org.testng.reporters.JUnitReportReporter -->
<testsuite skipped="0" hostname="DESKTOP-U7MG1A9" name="com.kesav.TestCases.MobileComputer" tests="3" failures="0" timestamp="2020-08-21T12:37:22 IST" time="48.617" errors="0">
  <testcase name="LaunchHomePage" time="11.716" classname="com.kesav.TestCases.MobileComputer"/>
  <system-out/>
  <testcase name="ScreenShot" time="1.441" classname="com.kesav.TestCases.MobileComputer"/>
  <system-out/>
  <testcase name="AmazonFullStoreDir" time="35.460" classname="com.kesav.TestCases.MobileComputer"/>
  <system-out/>
</testsuite> <!-- com.kesav.TestCases.MobileComputer -->
