<?xml version="1.0" encoding="UTF-8"?>
<!-- Generated by org.testng.reporters.JUnitReportReporter -->
<testsuite skipped="0" hostname="DESKTOP-U7MG1A9" name="com.kesav.TestCases.HomePageMenu" tests="8" failures="0" timestamp="2020-08-21T12:37:22 IST" time="140.864" errors="0">
  <testcase name="AlexaSmartHome" time="14.473" classname="com.kesav.TestCases.HomePageMenu"/>
  <system-out/>
  <testcase name="echoShow5" time="23.464" classname="com.kesav.TestCases.HomePageMenu"/>
  <system-out/>
  <testcase name="AlexaPrimeMusic" time="15.071" classname="com.kesav.TestCases.HomePageMenu"/>
  <system-out/>
  <testcase name="LaunchHomePage" time="15.378" classname="com.kesav.TestCases.HomePageMenu"/>
  <system-out/>
  <testcase name="AllNewAmzEcho" time="19.054" classname="com.kesav.TestCases.HomePageMenu"/>
  <system-out/>
  <testcase name="Menu" time="29.231" classname="com.kesav.TestCases.HomePageMenu"/>
  <system-out/>
  <testcase name="MeetAlexa" time="11.784" classname="com.kesav.TestCases.HomePageMenu"/>
  <system-out/>
  <testcase name="EchoDot" time="12.409" classname="com.kesav.TestCases.HomePageMenu"/>
  <system-out/>
</testsuite> <!-- com.kesav.TestCases.HomePageMenu -->
