<?xml version="1.0" encoding="UTF-8"?>
<!-- Generated by org.testng.reporters.JUnitReportReporter -->
<testsuite skipped="0" hostname="DESKTOP-U7MG1A9" name="com.kesav.TestCases.AudibleAudioBook" tests="2" failures="0" timestamp="2020-08-21T12:37:22 IST" time="30.836" errors="0">
  <testcase name="AudibleAudioBook" time="13.907" classname="com.kesav.TestCases.AudibleAudioBook"/>
  <system-out/>
  <testcase name="LaunchHomePage" time="16.929" classname="com.kesav.TestCases.AudibleAudioBook"/>
  <system-out/>
</testsuite> <!-- com.kesav.TestCases.AudibleAudioBook -->
