<?xml version="1.0" encoding="UTF-8"?>
<!-- Generated by org.testng.reporters.JUnitReportReporter -->
<testsuite skipped="0" hostname="DESKTOP-U7MG1A9" name="com.kesav.TestCases.HomePagePantry" tests="3" failures="0" timestamp="2020-08-21T12:37:20 IST" time="42.938" errors="0">
  <testcase name="Close" time="4.580" classname="com.kesav.TestCases.HomePagePantry"/>
  <system-out/>
  <testcase name="HomePagePantryNext" time="21.016" classname="com.kesav.TestCases.HomePagePantry"/>
  <system-out/>
  <testcase name="LaunchHomePage" time="17.342" classname="com.kesav.TestCases.HomePagePantry"/>
  <system-out/>
</testsuite> <!-- com.kesav.TestCases.HomePagePantry -->
