<?xml version="1.0" encoding="UTF-8"?>
<!-- Generated by org.testng.reporters.JUnitReportReporter -->
<testsuite skipped="0" hostname="DESKTOP-U7MG1A9" name="com.kesav.TestCases.CreateAccountPageExcel" tests="2" failures="0" timestamp="2020-08-21T12:37:22 IST" time="32.523" errors="0">
  <testcase name="Credentials" time="1.261" classname="com.kesav.TestCases.CreateAccountPageExcel"/>
  <system-out/>
  <testcase name="LaunchCreateAccountPage" time="31.262" classname="com.kesav.TestCases.CreateAccountPageExcel"/>
  <system-out/>
</testsuite> <!-- com.kesav.TestCases.CreateAccountPageExcel -->
