<?xml version="1.0" encoding="UTF-8"?>
<!-- Generated by org.testng.reporters.JUnitReportReporter -->
<testsuite skipped="0" hostname="DESKTOP-U7MG1A9" name="com.kesav.TestCases.HomePageNoOFLinks" tests="2" failures="0" timestamp="2020-08-21T12:37:21 IST" time="29.588" errors="0">
  <testcase name="NoOfLinks" time="13.914" classname="com.kesav.TestCases.HomePageNoOFLinks"/>
  <system-out/>
  <testcase name="LaunchHomePage" time="15.674" classname="com.kesav.TestCases.HomePageNoOFLinks"/>
  <system-out/>
</testsuite> <!-- com.kesav.TestCases.HomePageNoOFLinks -->
