<?xml version="1.0" encoding="UTF-8"?>
<!-- Generated by org.testng.reporters.JUnitReportReporter -->
<testsuite skipped="0" hostname="DESKTOP-U7MG1A9" name="com.kesav.TestCases.HomePageSelectAddress" tests="3" failures="0" timestamp="2020-08-21T12:37:20 IST" time="34.731" errors="0">
  <testcase name="LaunchHomePage" time="17.073" classname="com.kesav.TestCases.HomePageSelectAddress"/>
  <system-out/>
  <testcase name="Close" time="4.624" classname="com.kesav.TestCases.HomePageSelectAddress"/>
  <system-out/>
  <testcase name="ShoppingDay" time="13.034" classname="com.kesav.TestCases.HomePageSelectAddress"/>
  <system-out/>
</testsuite> <!-- com.kesav.TestCases.HomePageSelectAddress -->
