<?xml version="1.0" encoding="UTF-8"?>
<!-- Generated by org.testng.reporters.JUnitReportReporter -->
<testsuite skipped="0" hostname="DESKTOP-U7MG1A9" name="com.kesav.TestCases.CreateAccountPageDataProviderExcel" tests="2" failures="0" timestamp="2020-08-21T12:37:22 IST" time="23.941" errors="0">
  <testcase name="Credentials" time="1.018" classname="com.kesav.TestCases.CreateAccountPageDataProviderExcel"/>
  <system-out/>
  <testcase name="LaunchCreateAccountPage" time="22.923" classname="com.kesav.TestCases.CreateAccountPageDataProviderExcel"/>
  <system-out/>
</testsuite> <!-- com.kesav.TestCases.CreateAccountPageDataProviderExcel -->
