<?xml version="1.0" encoding="UTF-8"?>
<!-- Generated by org.testng.reporters.JUnitReportReporter -->
<testsuite skipped="0" hostname="DESKTOP-U7MG1A9" name="com.kesav.TestCases.SportOrder" tests="1" failures="0" timestamp="15 Sep 2020 09:36:02 GMT" time="27.633" errors="0">
  <testcase name="sportOrder" time="27.633" classname="com.kesav.TestCases.SportOrder"/>
</testsuite> <!-- com.kesav.TestCases.SportOrder -->
