<?xml version="1.0" encoding="UTF-8"?>
<!-- Generated by org.testng.reporters.JUnitReportReporter -->
<testsuite skipped="0" hostname="DESKTOP-U7MG1A9" name="amazTest.MavenJava1.ApiTest" tests="2" failures="0" timestamp="20 Aug 2020 09:50:23 GMT" time="0.034" errors="0">
  <testcase name="DeleteTest" time="0.030" classname="amazTest.MavenJava1.ApiTest"/>
  <testcase name="PostJira" time="0.004" classname="amazTest.MavenJava1.ApiTest"/>
</testsuite> <!-- amazTest.MavenJava1.ApiTest -->
