<?xml version="1.0" encoding="UTF-8"?>
<!-- Generated by org.testng.reporters.JUnitReportReporter -->
<testsuite skipped="0" hostname="DESKTOP-U7MG1A9" name="com.kesav.TestCases.CreateAccountPage" tests="1" failures="0" timestamp="04 Sep 2020 13:15:47 GMT" time="26.136" errors="0">
  <testcase name="CreateAccPage" time="26.136" classname="com.kesav.TestCases.CreateAccountPage"/>
</testsuite> <!-- com.kesav.TestCases.CreateAccountPage -->
