<?xml version="1.0" encoding="UTF-8"?>
<!-- Generated by org.testng.reporters.JUnitReportReporter -->
<testsuite skipped="0" hostname="DESKTOP-U7MG1A9" name="com.kesav.TestCases.FireTv4K" tests="1" failures="0" timestamp="15 Sep 2020 11:00:30 GMT" time="12.199" errors="0">
  <testcase name="FireTv4KProduct" time="12.199" classname="com.kesav.TestCases.FireTv4K"/>
</testsuite> <!-- com.kesav.TestCases.FireTv4K -->
