<?xml version="1.0" encoding="UTF-8"?>
<!-- Generated by org.testng.reporters.JUnitReportReporter -->
<testsuite skipped="0" hostname="DESKTOP-U7MG1A9" name="com.kesav.TestCases.AmazonEchoOrder" tests="1" failures="0" timestamp="15 Sep 2020 11:00:30 GMT" time="12.509" errors="0">
  <testcase name="EchoOrder" time="12.509" classname="com.kesav.TestCases.AmazonEchoOrder"/>
</testsuite> <!-- com.kesav.TestCases.AmazonEchoOrder -->
