<?xml version="1.0" encoding="UTF-8"?>
<!-- Generated by org.testng.reporters.JUnitReportReporter -->
<testsuite skipped="0" hostname="DESKTOP-U7MG1A9" name="com.kesav.TestCases.CyclingOrder" tests="1" failures="0" timestamp="15 Sep 2020 11:00:30 GMT" time="14.566" errors="0">
  <testcase name="sonyTvOrder" time="14.566" classname="com.kesav.TestCases.CyclingOrder"/>
</testsuite> <!-- com.kesav.TestCases.CyclingOrder -->
