<?xml version="1.0" encoding="UTF-8"?>
<!-- Generated by org.testng.reporters.JUnitReportReporter -->
<testsuite skipped="0" hostname="DESKTOP-U7MG1A9" name="com.kesav.TestCases.HeadPhonesOrder" tests="1" failures="0" timestamp="15 Sep 2020 09:12:13 GMT" time="22.947" errors="0">
  <testcase name="HeadPhonesProductOrder" time="22.947" classname="com.kesav.TestCases.HeadPhonesOrder"/>
</testsuite> <!-- com.kesav.TestCases.HeadPhonesOrder -->
