<?xml version="1.0" encoding="UTF-8"?>
<!-- Generated by org.testng.reporters.JUnitReportReporter -->
<testsuite skipped="0" hostname="DESKTOP-U7MG1A9" name="com.kesav.TestCases.EchoDotOrder" tests="1" failures="0" timestamp="09 Sep 2020 06:05:32 GMT" time="150.046" errors="0">
  <testcase name="EchoDotProductOrder" time="150.046" classname="com.kesav.TestCases.EchoDotOrder"/>
</testsuite> <!-- com.kesav.TestCases.EchoDotOrder -->
