<?xml version="1.0" encoding="UTF-8"?>
<!-- Generated by org.testng.reporters.JUnitReportReporter -->
<testsuite skipped="0" hostname="DESKTOP-U7MG1A9" name="amazTest.MavenJava1.SeleniumTest" tests="2" failures="0" timestamp="20 Aug 2020 09:50:23 GMT" time="0.004" errors="0">
  <testcase name="ElementsSUV" time="0.002" classname="amazTest.MavenJava1.SeleniumTest"/>
  <testcase name="BrowserAutomation" time="0.002" classname="amazTest.MavenJava1.SeleniumTest"/>
</testsuite> <!-- amazTest.MavenJava1.SeleniumTest -->
