<?xml version="1.0" encoding="UTF-8"?>
<!-- Generated by org.testng.reporters.JUnitReportReporter -->
<testsuite skipped="0" hostname="DESKTOP-U7MG1A9" name="com.kesav.TestCases.MusicalOrder" tests="1" failures="0" timestamp="29 Sep 2020 10:02:37 GMT" time="41.315" errors="0">
  <testcase name="sonyTvOrder" time="41.315" classname="com.kesav.TestCases.MusicalOrder"/>
</testsuite> <!-- com.kesav.TestCases.MusicalOrder -->
