<?xml version="1.0" encoding="UTF-8"?>
<!-- Generated by org.testng.reporters.JUnitReportReporter -->
<testsuite skipped="0" hostname="DESKTOP-U7MG1A9" name="com.kesav.TestCases.CreateAccountPageMySql" tests="1" failures="0" timestamp="08 Sep 2020 10:03:09 GMT" time="28.203" errors="0">
  <testcase name="CreateAccPage" time="28.203" classname="com.kesav.TestCases.CreateAccountPageMySql"/>
</testsuite> <!-- com.kesav.TestCases.CreateAccountPageMySql -->
