<?xml version="1.0" encoding="UTF-8"?>
<!-- Generated by org.testng.reporters.JUnitReportReporter -->
<testsuite skipped="0" hostname="DESKTOP-U7MG1A9" name="CucumberOptions.TestRunner" tests="1" failures="0" timestamp="17 Sep 2020 11:19:01 GMT" time="38.262" errors="0">
  <testcase name="feature" time="38.262" classname="CucumberOptions.TestRunner"/>
</testsuite> <!-- CucumberOptions.TestRunner -->
