<?xml version="1.0" encoding="UTF-8"?>
<!-- Generated by org.testng.reporters.JUnitReportReporter -->
<testsuite skipped="0" hostname="DESKTOP-U7MG1A9" name="com.kesav.TestCases.EchoPlusOrder" tests="1" failures="0" timestamp="15 Sep 2020 11:00:30 GMT" time="10.148" errors="0">
  <testcase name="EchoPlusProductOrder" time="10.148" classname="com.kesav.TestCases.EchoPlusOrder"/>
</testsuite> <!-- com.kesav.TestCases.EchoPlusOrder -->
