<?xml version="1.0" encoding="UTF-8"?>
<!-- Generated by org.testng.reporters.JUnitReportReporter -->
<testsuite skipped="0" hostname="DESKTOP-U7MG1A9" name="com.kesav.TestCases.AppliancesOrder" tests="1" failures="0" timestamp="18 Sep 2020 09:04:00 GMT" time="19.456" errors="0">
  <testcase name="sonyTvOrder" time="19.456" classname="com.kesav.TestCases.AppliancesOrder"/>
</testsuite> <!-- com.kesav.TestCases.AppliancesOrder -->
