<?xml version="1.0" encoding="UTF-8"?>
<!-- Generated by org.testng.reporters.JUnitReportReporter -->
<testsuite skipped="0" hostname="DESKTOP-U7MG1A9" name="com.kesav.TestCases.KindleOasisOrder" tests="1" failures="0" timestamp="15 Sep 2020 11:00:30 GMT" time="14.630" errors="0">
  <testcase name="KindleOasisProductOrder" time="14.630" classname="com.kesav.TestCases.KindleOasisOrder"/>
</testsuite> <!-- com.kesav.TestCases.KindleOasisOrder -->
