<?xml version="1.0" encoding="UTF-8"?>
<!-- Generated by org.testng.reporters.JUnitReportReporter -->
<testsuite skipped="0" hostname="DESKTOP-U7MG1A9" name="amazTest.MavenJava1.ApiTest" tests="2" failures="0" timestamp="2020-08-20T15:13:44 IST" time="0.009" errors="0">
  <testcase name="DeleteTest" time="0.008" classname="amazTest.MavenJava1.ApiTest"/>
  <system-out/>
  <testcase name="PostJira" time="0.001" classname="amazTest.MavenJava1.ApiTest"/>
  <system-out/>
</testsuite> <!-- amazTest.MavenJava1.ApiTest -->
