<?xml version="1.0" encoding="UTF-8"?>
<!-- Generated by org.testng.reporters.JUnitReportReporter -->
<testsuite skipped="0" hostname="DESKTOP-U7MG1A9" name="amazTest.MavenJava1.SeleniumTest" tests="2" failures="0" timestamp="2020-08-20T15:13:06 IST" time="0.002" errors="0">
  <testcase name="ElementsSUV" time="0.001" classname="amazTest.MavenJava1.SeleniumTest"/>
  <system-out/>
  <testcase name="BrowserAutomation" time="0.001" classname="amazTest.MavenJava1.SeleniumTest"/>
  <system-out/>
</testsuite> <!-- amazTest.MavenJava1.SeleniumTest -->
