<?xml version="1.0" encoding="UTF-8"?>
<!-- Generated by org.testng.reporters.JUnitReportReporter -->
<testsuite skipped="0" hostname="DESKTOP-U7MG1A9" name="com.kesav.TestNg.Demo1" tests="1" failures="0" timestamp="02 Sep 2020 14:36:49 GMT" time="0.010" errors="0">
  <testcase name="SecondTest" time="0.010" classname="com.kesav.TestNg.Demo1"/>
</testsuite> <!-- com.kesav.TestNg.Demo1 -->
