<?xml version="1.0" encoding="UTF-8"?>
<!-- Generated by org.testng.reporters.JUnitReportReporter -->
<testsuite skipped="0" hostname="DESKTOP-U7MG1A9" name="com.kesav.TestNg.Demo2" tests="1" failures="0" timestamp="02 Sep 2020 14:36:49 GMT" time="0.002" errors="0">
  <testcase name="ploan" time="0.002" classname="com.kesav.TestNg.Demo2"/>
</testsuite> <!-- com.kesav.TestNg.Demo2 -->
