<?xml version="1.0" encoding="UTF-8"?>
<!-- Generated by org.testng.reporters.JUnitReportReporter -->
<testsuite skipped="0" hostname="DESKTOP-U7MG1A9" name="com.kesav.TestNg.Demo5" tests="4" failures="0" timestamp="08 Aug 2020 08:55:52 GMT" time="0.152" errors="0">
  <testcase name="Cat" time="0.016" classname="com.kesav.TestNg.Demo5"/>
  <testcase name="Apple" time="0.083" classname="com.kesav.TestNg.Demo5"/>
  <testcase name="Dog" time="0.005" classname="com.kesav.TestNg.Demo5"/>
  <testcase name="Ball" time="0.048" classname="com.kesav.TestNg.Demo5"/>
</testsuite> <!-- com.kesav.TestNg.Demo5 -->
